FILE_TYPE=LIBRARY_PARTS;
PRIMITIVE '16_213SYGC_S530_E3_TR8','16_213SYGC_S530_E3_TR8_LEDs Chip';
  PIN
    'K':
      PIN_NUMBER='(1)';
      NO_LOAD_CHECK=BOTH;
      NO_IO_CHECK=BOTH;
      ALLOW_CONNECT=TRUE;
      PINUSE='UNSPEC';
    'A':
      PIN_NUMBER='(2)';
      NO_LOAD_CHECK=BOTH;
      NO_IO_CHECK=BOTH;
      ALLOW_CONNECT=TRUE;
      PINUSE='UNSPEC';
  END_PIN;
  BODY
    PART_NAME='16_213SYGC_S530_E3_TR8';
    PHYS_DES_PREFIX='LED';
    NO_LOAD_CHECK='TRUE';
    PIN_COUNT='2';
    BODY_NAME='16_213SYGC_S530_E3_TR8';
    JEDEC_TYPE='LEDC1005X55N';
  END_BODY;
END_PRIMITIVE;
END.
